<?xml version="1.0" encoding="UTF-8"?>
<testng-results ignored="0" total="2" passed="2" failed="0" skipped="0">
  <reporter-output>
  </reporter-output>
  <suite started-at="2024-07-26T15:54:46 IST" name="Default suite" finished-at="2024-07-26T15:54:46 IST" duration-ms="57">
    <groups>
    </groups>
    <test started-at="2024-07-26T15:54:46 IST" name="Default test" finished-at="2024-07-26T15:54:46 IST" duration-ms="57">
      <class name="pac2.OrgTest">
        <test-method signature="createOrgTest()[pri:0, instance:pac2.OrgTest@18078bef]" started-at="2024-07-26T15:54:46 IST" name="createOrgTest" finished-at="2024-07-26T15:54:46 IST" duration-ms="8" status="PASS">
          <reporter-output>
          </reporter-output>
        </test-method> <!-- createOrgTest -->
        <test-method signature="modifyOrgttest()[pri:0, instance:pac2.OrgTest@18078bef]" started-at="2024-07-26T15:54:46 IST" name="modifyOrgttest" finished-at="2024-07-26T15:54:46 IST" duration-ms="1" status="PASS">
          <reporter-output>
          </reporter-output>
        </test-method> <!-- modifyOrgttest -->
      </class> <!-- pac2.OrgTest -->
    </test> <!-- Default test -->
  </suite> <!-- Default suite -->
</testng-results>
